<?xml version="1.0" encoding="UTF-8"?>
<!-- Generated by org.testng.reporters.JUnitXMLReporter -->
<testsuite ignored="0" hostname="DESKTOP-HGCRV7F" failures="0" tests="1" name="DemwebappsTest" time="0.174" errors="0" timestamp="12 Jun 2023 11:31:10 GMT">
  <testcase classname="testcases.Baseclass" name="@BeforeClass setup" time="0.146">
    <failure type="java.lang.NullPointerException" message="Cannot invoke &amp;quot;org.openqa.selenium.WebDriver.get(String)&amp;quot; because &amp;quot;this.driver&amp;quot; is null">
      <![CDATA[java.lang.NullPointerException: Cannot invoke "org.openqa.selenium.WebDriver.get(String)" because "this.driver" is null
at testcases.Baseclass.setup(Baseclass.java:59)
... Removed 26 stack frames]]>
    </failure>
  </testcase> <!-- @BeforeClass setup -->
  <testcase classname="testcases.Baseclass" name="@AfterClass teardown" time="0.0">
    <skipped/>
  </testcase> <!-- @AfterClass teardown -->
  <testcase classname="testcases.TClogintest_001" name="logintest" time="0.0">
    <skipped/>
  </testcase> <!-- logintest -->
</testsuite> <!-- DemwebappsTest -->
