<?xml version="1.0" encoding="UTF-8"?>
<testng-results skipped="0" failed="0" ignored="0" total="1" passed="1">
  <reporter-output>
  </reporter-output>
  <suite name="Demowebapps" duration-ms="17141" started-at="2023-11-27T08:31:53Z" finished-at="2023-11-27T08:32:10Z">
    <groups>
    </groups>
    <test name="Demotestcases" duration-ms="17141" started-at="2023-11-27T08:31:53Z" finished-at="2023-11-27T08:32:10Z">
      <class name="testcases.TClogintest_001">
        <test-method status="PASS" signature="setup(java.lang.String)[pri:0, instance:testcases.TClogintest_001@59717824]" name="setup" is-config="true" duration-ms="13895" started-at="2023-11-27T08:31:53Z" finished-at="2023-11-27T08:32:06Z">
          <params>
            <param index="0">
              <value>
                <![CDATA[chrome]]>
              </value>
            </param>
          </params>
          <reporter-output>
          </reporter-output>
        </test-method> <!-- setup -->
        <test-method status="PASS" signature="logintest()[pri:0, instance:testcases.TClogintest_001@59717824]" name="logintest" duration-ms="2211" started-at="2023-11-27T08:32:06Z" finished-at="2023-11-27T08:32:09Z">
          <reporter-output>
          </reporter-output>
        </test-method> <!-- logintest -->
        <test-method status="PASS" signature="teardown()[pri:0, instance:testcases.TClogintest_001@59717824]" name="teardown" is-config="true" duration-ms="1010" started-at="2023-11-27T08:32:09Z" finished-at="2023-11-27T08:32:10Z">
          <reporter-output>
          </reporter-output>
        </test-method> <!-- teardown -->
      </class> <!-- testcases.TClogintest_001 -->
    </test> <!-- Demotestcases -->
  </suite> <!-- Demowebapps -->
</testng-results>
