<?xml version="1.0" encoding="UTF-8"?>
<testng-results ignored="0" total="1" passed="1" failed="0" skipped="0">
  <reporter-output>
  </reporter-output>
  <suite started-at="2023-10-29T14:21:11Z" name="Demowebapps" finished-at="2023-10-29T14:21:19Z" duration-ms="8770">
    <groups>
    </groups>
    <test started-at="2023-10-29T14:21:11Z" name="Demotestcases" finished-at="2023-10-29T14:21:19Z" duration-ms="8770">
      <class name="testcases.TClogintest_001">
        <test-method is-config="true" signature="setup(java.lang.String)[pri:0, instance:testcases.TClogintest_001@490caf5f]" started-at="2023-10-29T14:21:11Z" name="setup" finished-at="2023-10-29T14:21:14Z" duration-ms="3764" status="PASS">
          <params>
            <param index="0">
              <value>
                <![CDATA[chrome]]>
              </value>
            </param>
          </params>
          <reporter-output>
          </reporter-output>
        </test-method> <!-- setup -->
        <test-method signature="logintest()[pri:0, instance:testcases.TClogintest_001@490caf5f]" started-at="2023-10-29T14:21:14Z" name="logintest" finished-at="2023-10-29T14:21:18Z" duration-ms="3969" status="PASS">
          <reporter-output>
          </reporter-output>
        </test-method> <!-- logintest -->
        <test-method is-config="true" signature="teardown()[pri:0, instance:testcases.TClogintest_001@490caf5f]" started-at="2023-10-29T14:21:18Z" name="teardown" finished-at="2023-10-29T14:21:19Z" duration-ms="1012" status="PASS">
          <reporter-output>
          </reporter-output>
        </test-method> <!-- teardown -->
      </class> <!-- testcases.TClogintest_001 -->
    </test> <!-- Demotestcases -->
  </suite> <!-- Demowebapps -->
</testng-results>
