<?xml version="1.0" encoding="UTF-8"?>
<testng-results ignored="0" total="1" passed="1" failed="0" skipped="0">
  <reporter-output>
  </reporter-output>
  <suite started-at="2023-11-27T07:09:48Z" name="Demowebapps" finished-at="2023-11-27T07:09:57Z" duration-ms="9067">
    <groups>
    </groups>
    <test started-at="2023-11-27T07:09:48Z" name="Demotestcases" finished-at="2023-11-27T07:09:57Z" duration-ms="9067">
      <class name="testcases.TClogintest_001">
        <test-method is-config="true" signature="setup(java.lang.String)[pri:0, instance:testcases.TClogintest_001@61544ae6]" started-at="2023-11-27T07:09:48Z" name="setup" finished-at="2023-11-27T07:09:52Z" duration-ms="3737" status="PASS">
          <params>
            <param index="0">
              <value>
                <![CDATA[chrome]]>
              </value>
            </param>
          </params>
          <reporter-output>
          </reporter-output>
        </test-method> <!-- setup -->
        <test-method signature="logintest()[pri:0, instance:testcases.TClogintest_001@61544ae6]" started-at="2023-11-27T07:09:52Z" name="logintest" finished-at="2023-11-27T07:09:56Z" duration-ms="4280" status="PASS">
          <reporter-output>
          </reporter-output>
        </test-method> <!-- logintest -->
        <test-method is-config="true" signature="teardown()[pri:0, instance:testcases.TClogintest_001@61544ae6]" started-at="2023-11-27T07:09:56Z" name="teardown" finished-at="2023-11-27T07:09:57Z" duration-ms="1010" status="PASS">
          <reporter-output>
          </reporter-output>
        </test-method> <!-- teardown -->
      </class> <!-- testcases.TClogintest_001 -->
    </test> <!-- Demotestcases -->
  </suite> <!-- Demowebapps -->
</testng-results>
